No.     V.a      
1       250141  
2       224254  
3       18964   
4       13949   
5       63654   
6       26477   
7       195776  
8       69028   
9       200700  
10      4825    
11      157667  
12      238164  
13      114060  
14      169861  
15      163226  
16      32599   
17      216328  
18      144905  
19      69946   
20      181378  
21      39980   
22      197411  
23      71465   
24      164248  
25      249250  
26      237405  
27      164593  
28      20891   
29      142742  
30      237904  
31      180712  
32      130739  
33      200014  
34      199676  
35      144688  
36      1525    
37      226153  
38      78321   
39      70553   
40      164710  
41      83146   
42      228220  
43      140730  
44      197206  
45      135938  
46      41812   
47      229805  
48      90122   
49      186717  
50      37608   
51      9356    
52      226697  
53      235019  
54      80821   
55      128802  
56      222125  
57      56082   
58      31251   
59      243017  
60      198824  
61      7011    
62      161585  
63      67419   
64      207026  
65      99117   
66      212108  
67      208551  
68      63126   
69      28285   
70      16960   
71      227836  
72      111431  
73      245180  
74      106422  
75      46493   
76      118974  
77      148234  
78      14154   
79      209096  
80      72807   
81      51762   
82      218452  
83      37361   
84      24638   
85      37130   
86      166163  
87      246763  
88      93212   
89      197414  
90      227636  
91      29893   
92      204426  
93      127077  
94      97312   
95      149308  
96      226194  
97      47276   
98      95715   
99      27177   
100     75561   
101     112675  
102     255013  
103     186992  
104     95711   
105     99292   
106     233485  
107     214686  
108     247526  
109     247640  
110     161638  
111     58190   
112     37258   
113     117947  
114     95551   
115     61896   
116     155077  
117     261714  
118     46516   
119     248289  
120     196984  
121     12008   
122     16038   
123     139266  
124     139086  
125     113351  
126     26430   
127     103136  
128     160627  
129     122145  
130     130313  
131     236189  
132     234820  
133     123183  
134     161037  
135     68388   
136     222475  
137     132379  
138     20930   
139     207857  
140     117875  
141     182568  
142     3903    
143     155133  
144     38371   
145     99454   
146     217030  
147     193448  
148     99024   
149     1402    
150     179594  
151     33865   
152     13410   
153     195632  
154     173131  
155     152496  
156     46839   
157     199562  
158     255633  
159     207467  
160     59563   
161     123802  
162     181512  
163     32240   
164     246985  
165     80405   
166     100628  
167     207316  
168     212784  
169     121558  
170     153030  
171     68515   
172     41982   
173     156933  
174     223649  
175     80354   
176     256388  
177     178535  
178     11658   
179     93268   
180     179937  
181     191252  
182     127133  
183     193347  
184     124741  
185     38121   
186     83700   
187     171580  
188     237683  
189     77189   
190     116903  
191     35102   
192     200991  
193     36271   
194     67342   
195     185833  
196     116677  
197     167970  
198     131005  
199     67317   
200     27384   
201     21891   
202     135833  
203     69367   
204     178825  
205     97338   
206     149721  
207     173069  
208     13729   
209     161379  
210     4193    
211     193666  
212     90488   
213     131327  
214     124869  
215     215229  
216     169448  
217     208569  
218     124665  
219     144987  
220     23614   
221     241569  
222     180089  
223     224606  
224     15696   
225     247432  
226     148295  
227     132373  
228     153258  
229     17156   
230     199691  
231     180643  
232     39048   
233     73380   
234     250010  
235     217873  
236     170718  
237     137587  
238     128798  
239     184447  
240     36822   
241     132991  
242     115969  
243     127310  
244     2174    
245     240838  
246     80395   
247     171622  
248     187264  
249     205061  
250     54465   
251     210878  
252     184486  
253     234555  
254     173340  
255     200182  
256     219843  
257     59491   
258     70412   
259     110957  
260     76648   
261     7959    
262     29456   
263     115696  
264     81339   
265     17322   
266     71425   
267     252057  
268     154909  
269     200223  
270     174360  
271     191732  
272     71070   
273     28185   
274     56898   
275     73245   
276     6879    
277     137294  
278     244867  
279     194143  
280     80211   
281     37189   
282     142878  
283     2553    
284     9600    
285     54074   
286     202735  
287     229443  
288     113566  
289     11003   
290     78256   
291     190214  
292     18962   
293     107713  
294     43766   
295     100301  
296     125035  
297     115191  
298     90214   
299     17801   
300     53270   
301     2430    
302     209533  
303     124340  
304     30615   
305     4287    
306     197585  
307     37495   
308     141581  
309     180309  
310     231638  
311     221792  
312     217498  
313     112372  
314     224345  
315     227098  
316     166447  
317     164937  
318     194397  
319     17869   
320     175940  
321     10509   
322     208083  
323     194903  
324     118222  
325     251849  
326     33060   
327     243258  
328     104896  
329     123275  
330     261059  
331     158166  
332     125705  
333     208448  
334     20362   
335     156321  
336     212735  
337     217948  
338     193816  
339     92173   
340     136113  
341     163310  
342     51821   
343     91467   
344     13539   
345     14023   
346     56421   
347     179986  
348     178960  
349     250818  
350     197855  
351     92756   
352     261327  
353     143794  
354     25515   
355     117406  
356     133499  
357     58576   
358     98520   
359     238395  
360     181851  
361     97435   
362     134417  
363     45412   
364     43739   
365     154779  
366     201733  
367     256474  
368     110583  
369     133405  
370     86503   
371     246696  
372     34572   
373     138325  
374     76019   
375     48111   
376     152348  
377     132440  
378     228097  
379     69164   
380     121114  
381     163808  
382     161920  
383     120298  
384     45458   
385     187436  
386     237704  
387     178957  
388     246012  
389     74080   
390     155208  
391     165719  
392     171515  
393     27481   
394     211131  
395     215254  
396     182260  
397     150721  
398     209584  
399     30700   
400     21982   
401     33944   
402     15252   
403     56554   
404     172269  
405     91272   
406     104665  
407     62473   
408     223712  
409     70618   
410     131637  
411     82683   
412     234426  
413     31413   
414     202981  
415     17740   
416     218849  
417     178541  
418     196697  
419     202717  
420     252621  
421     89761   
422     106292  
423     161992  
424     117242  
425     55280   
426     115102  
427     37359   
428     206001  
429     62542   
430     68059   
431     227983  
432     96486   
433     83311   
434     22394   
435     6611    
436     174583  
437     127059  
438     69084   
439     136152  
440     197678  
441     200721  
442     218835  
443     169960  
444     232135  
445     159672  
446     187701  
447     188840  
448     76069   
449     122254  
450     129414  
451     66546   
452     212016  
453     235706  
454     228538  
455     67114   
456     28842   
457     81496   
458     104473  
459     234843  
460     144038  
461     172532  
462     200683  
463     240525  
464     255844  
465     223077  
466     247136  
467     168283  
468     87992   
469     54077   
470     42291   
471     23526   
472     254798  
473     261126  
474     193487  
475     224789  
476     158654  
477     119044  
478     151486  
479     234723  
480     241298  
481     18756   
482     39125   
483     191170  
484     254462  
485     5519    
486     258285  
487     21161   
488     87015   
489     100614  
490     256004  
491     231054  
492     11003   
493     194543  
494     209435  
495     4703    
496     155476  
497     194427  
498     172986  
499     243469  
500     248504  
501     215278  
502     4851    
503     241159  
504     214260  
505     198338  
506     203804  
507     110771  
508     55238   
509     93146   
510     83350   
511     34393   
512     111902  
513     122476  
514     225563  
515     104221  
516     127995  
517     221704  
518     125382  
519     215011  
520     60175   
521     119242  
522     183921  
523     71178   
524     51642   
525     131212  
526     75881   
527     207118  
528     63495   
529     248867  
530     188443  
531     49856   
532     202001  
533     193295  
534     28871   
535     154118  
536     129489  
537     232675  
538     2745    
539     184728  
540     63678   
541     86095   
542     219121  
543     175580  
544     208571  
545     182540  
546     17657   
547     74423   
548     142101  
549     143039  
550     27290   
551     202276  
552     138     
553     211211  
554     11310   
555     51780   
556     80279   
557     87191   
558     258898  
559     143774  
560     73914   
561     185198  
562     193630  
563     13772   
564     116349  
565     222501  
566     167890  
567     245838  
568     193033  
569     170635  
570     168422  
571     256711  
572     256730  
573     125399  
574     170147  
575     203158  
576     45796   
577     187805  
578     15437   
579     187897  
580     68700   
581     42727   
582     128029  
583     68838   
584     253938  
585     139339  
586     120618  
587     72073   
588     226530  
589     117373  
590     215847  
591     38300   
592     40427   
593     147334  
594     52072   
595     156776  
596     107691  
597     219962  
598     140470  
599     38580   
600     128453  
601     46749   
602     33147   
603     123040  
604     172148  
605     203295  
606     64054   
607     217944  
608     128956  
609     79491   
610     143697  
611     197656  
612     122218  
613     9582    
614     4351    
615     114012  
616     148921  
617     124969  
618     186085  
619     113307  
620     242342  
621     139788  
622     151608  
623     20625   
624     24978   
625     203680  
626     177401  
627     132670  
628     161499  
629     55728   
630     171250  
631     27808   
632     102477  
633     204398  
634     150848  
635     12481   
636     145549  
637     214902  
638     230426  
639     12361   
640     32249   
641     111979  
642     210017  
643     154467  
644     121562  
645     214368  
646     6335    
647     8339    
648     77194   
649     192420  
650     121647  
651     57392   
652     70065   
653     11111   
654     78018   
655     95043   
656     214791  
657     255419  
658     227713  
659     114146  
660     49003   
661     136820  
662     141955  
663     151480  
664     79074   
665     30659   
666     163962  
667     224623  
668     245562  
669     132244  
670     236984  
671     15667   
672     244223  
673     184857  
674     170135  
675     103641  
676     137082  
677     176470  
678     111981  
679     214276  
680     106747  
681     233628  
682     9524    
683     176812  
684     244739  
685     87542   
686     9711    
687     197386  
688     80818   
689     237425  
690     49389   
691     129821  
692     112101  
693     191344  
694     19158   
695     191175  
696     222003  
697     183120  
698     153654  
699     205421  
700     53220   
701     128494  
702     221089  
703     35299   
704     51207   
705     129080  
706     138941  
707     188289  
708     43406   
709     250922  
710     140421  
711     150153  
712     222406  
713     149946  
714     64821   
715     205001  
716     237488  
717     74533   
718     140243  
719     56162   
720     49814   
721     189632  
722     185984  
723     161915  
724     118832  
725     205142  
726     90946   
727     78692   
728     126118  
729     244600  
730     21969   
731     179338  
732     110950  
733     243058  
734     214637  
735     162157  
736     109994  
737     91434   
738     88303   
739     153401  
740     80212   
741     228724  
742     41410   
743     40474   
744     116526  
745     106232  
746     245475  
747     91871   
748     180765  
749     123575  
750     148033  
751     230579  
752     51063   
753     71873   
754     130350  
755     169896  
756     14871   
757     221296  
758     248588  
759     140989  
760     203752  
761     8413    
762     58183   
763     52558   
764     251472  
765     10677   
766     214715  
767     99322   
768     102111  
769     40874   
770     252723  
771     182324  
772     7455    
773     31990   
774     222798  
775     123981  
776     138222  
777     206130  
778     215852  
779     56843   
780     67561   
781     101742  
782     25278   
783     118624  
784     173615  
785     155628  
786     26376   
787     188487  
788     114780  
789     12820   
790     67332   
791     56388   
792     21234   
793     125516  
794     108946  
795     10562   
796     136193  
797     61517   
798     109884  
799     238304  
800     102392  
801     100464  
802     158484  
803     109847  
804     132454  
805     119139  
806     233828  
807     8532    
808     63125   
809     187537  
810     65375   
811     130686  
812     27135   
813     90653   
814     249310  
815     200750  
816     246281  
817     13543   
818     127093  
819     98917   
820     26363   
821     194426  
822     155305  
823     47597   
824     57798   
825     2107    
826     58159   
827     193991  
828     63624   
829     168044  
830     170151  
831     166016  
832     6364    
833     66492   
834     13719   
835     138818  
836     185631  
837     247548  
838     147350  
839     248756  
840     172941  
841     212725  
842     117298  
843     200076  
844     41234   
845     104464  
846     138682  
847     25371   
848     118007  
849     3632    
850     124288  
851     144371  
852     198058  
853     17449   
854     191968  
855     255856  
856     19556   
857     250128  
858     187703  
859     83180   
860     156028  
861     95710   
862     249197  
863     162392  
864     162202  
865     772     
866     39066   
867     85689   
868     248320  
869     186416  
870     72301   
871     159117  
872     136997  
873     189599  
874     97049   
875     178231  
876     31920   
877     235732  
878     203602  
879     149927  
880     239364  
881     65746   
882     32154   
883     175278  
884     83195   
885     224123  
886     168990  
887     102751  
888     212107  
889     94549   
890     185931  
891     105991  
892     190259  
893     172984  
894     6239    
895     90318   
896     173757  
897     45305   
898     176007  
899     159933  
900     231721  
901     248309  
902     56907   
903     106574  
904     175764  
905     153956  
906     22661   
907     207684  
908     127544  
909     226263  
910     95468   
911     104764  
912     29865   
913     127622  
914     17898   
915     113060  
916     89601   
917     186888  
918     215811  
919     39564   
920     19293   
921     139598  
922     145555  
923     209553  
924     50439   
925     151794  
926     37727   
927     224196  
928     197099  
929     213734  
930     121985  
931     166676  
932     199899  
933     178892  
934     11106   
935     113520  
936     70705   
937     33767   
938     59060   
939     198249  
940     260030  
941     154528  
942     40870   
943     27751   
944     20007   
945     58768   
946     140811  
947     109608  
948     245657  
949     94478   
950     149173  
951     2806    
952     234077  
953     32584   
954     212359  
955     22372   
956     184379  
957     250086  
958     246568  
959     119334  
960     201677  
961     106409  
962     23867   
963     139432  
964     23158   
965     34973   
966     252952  
967     93863   
968     68741   
969     49869   
970     29968   
971     66627   
972     204397  
973     70838   
974     94379   
975     224404  
976     129607  
977     235190  
978     71869   
979     113120  
980     67525   
981     221042  
982     115926  
983     39458   
984     253626  
985     66142   
986     61830   
987     175861  
988     54084   
989     46254   
990     33052   
991     255761  
992     152663  
993     56919   
994     133050  
995     175821  
996     91892   
997     123858  
998     7540    
999     160633  
1000    173727  
1001    37509   
1002    227261  
1003    115981  
1004    108347  
1005    59496   
1006    78241   
1007    237954  
1008    32542   
1009    150110  
1010    88930   
1011    100067  
1012    109008  
1013    204857  
1014    139525  
1015    100491  
1016    8855    
1017    201355  
1018    14208   
1019    62939   
1020    247609  
1021    47260   
1022    56557   
1023    138129  
1024    104179  
1025    189607  
1026    51806   
1027    196072  
1028    51321   
1029    59347   
1030    94561   
1031    225049  
1032    96856   
1033    59678   
1034    78886   
1035    205203  
1036    119174  
1037    157127  
1038    181014  
1039    151717  
1040    45094   
1041    7800    
1042    251784  
1043    154102  
1044    212657  
1045    129166  
1046    254593  
1047    221512  
1048    68377   
1049    6658    
1050    22308   
1051    53843   
1052    53918   
1053    78865   
1054    191972  
1055    158098  
1056    6328    
1057    243778  
1058    92026   
1059    57649   
1060    40981   
1061    186587  
1062    20554   
1063    137837  
1064    246266  
1065    99440   
1066    80897   
1067    103296  
1068    256568  
1069    261911  
1070    255013  
1071    39518   
1072    7567    
1073    244654  
1074    193620  
1075    220225  
1076    111676  
1077    186070  
1078    179593  
1079    180053  
1080    192728  
1081    201901  
1082    233896  
1083    246646  
1084    18622   
1085    163724  
1086    142600  
1087    24950   
1088    145359  
1089    234626  
1090    82600   
1091    186340  
1092    159070  
1093    103154  
1094    62034   
1095    143192  
1096    202595  
1097    142931  
1098    246488  
1099    197019  
1100    142698  
1101    239358  
1102    236537  
1103    150265  
1104    221868  
1105    168013  
1106    108346  
1107    71400   
1108    91939   
1109    25796   
1110    251453  
1111    22523   
1112    227697  
1113    223206  
1114    7026    
1115    246320  
1116    124786  
1117    149626  
1118    9126    
1119    8001    
1120    122109  
1121    91726   
1122    194342  
1123    19035   
1124    194881  
1125    256376  
1126    162227  
1127    135332  
1128    137163  
1129    146571  
1130    70207   
1131    17717   
1132    123785  
1133    44600   
1134    167982  
1135    83509   
1136    212613  
1137    14185   
1138    154909  
1139    42409   
1140    39981   
1141    144219  
1142    64932   
1143    5534    
1144    105281  
1145    71958   
1146    251854  
1147    230067  
1148    221585  
1149    260981  
1150    238069  
1151    81550   
1152    90563   
1153    170267  
1154    100585  
1155    23300   
1156    164499  
1157    668     
1158    158632  
1159    39518   
1160    147239  
1161    228839  
1162    57235   
1163    8881    
1164    11295   
1165    225217  
1166    92390   
1167    223909  
1168    239402  
1169    247300  
1170    4174    
1171    17239   
1172    129375  
1173    69106   
1174    22774   
1175    234656  
1176    141065  
1177    12484   
1178    202579  
1179    100506  
1180    11321   
1181    178504  
1182    182056  
1183    101885  
1184    86627   
1185    20497   
1186    125185  
1187    251126  
1188    21165   
1189    21674   
1190    28500   
1191    168404  
1192    250513  
1193    85735   
1194    177285  
1195    261809  
1196    48809   
1197    7532    
1198    223574  
1199    26067   
1200    254832  
1201    227748  
1202    43307   
1203    122063  
1204    34710   
1205    66081   
1206    94575   
1207    175775  
1208    78565   
1209    35010   
1210    14137   
1211    89887   
1212    213515  
1213    196193  
1214    191772  
1215    37998   
1216    216690  
1217    54813   
1218    26981   
1219    237855  
1220    76487   
1221    55481   
1222    144116  
1223    64857   
1224    141217  
1225    59257   
1226    64522   
1227    190026  
1228    66789   
1229    25952   
1230    216093  
1231    59477   
1232    253700  
1233    259400  
1234    181540  
1235    26266   
1236    63337   
1237    13971   
1238    202042  
1239    141903  
1240    48982   
1241    216179  
1242    231790  
1243    353     
1244    150229  
1245    161418  
1246    38351   
1247    104775  
1248    216231  
1249    65332   
1250    80487   
1251    30575   
1252    120814  
1253    224603  
1254    95432   
1255    262031  
1256    21716   
1257    159954  
1258    189913  
1259    88506   
1260    185906  
1261    143862  
1262    147983  
1263    177462  
1264    141119  
1265    67380   
1266    203728  
1267    204456  
1268    81351   
1269    143626  
1270    84215   
1271    130333  
1272    97662   
1273    53861   
1274    130686  
1275    247891  
1276    215279  
1277    169038  
1278    90522   
1279    169367  
1280    234370  
1281    171009  
1282    199942  
1283    93040   
1284    133468  
1285    33230   
1286    92927   
1287    155185  
1288    193184  
1289    20696   
1290    243691  
1291    116946  
1292    164559  
1293    129530  
1294    32264   
1295    43534   
1296    196910  
1297    235992  
1298    247990  
1299    16118   
1300    117475  
1301    70062   
1302    146451  
1303    215137  
1304    123923  
1305    14994   
1306    200884  
1307    77059   
1308    184032  
1309    29262   
1310    246426  
1311    156258  
1312    200272  
1313    184224  
1314    249299  
1315    71596   
1316    217454  
1317    80082   
1318    226781  
1319    148494  
1320    100779  
1321    208328  
1322    3296    
1323    3194    
1324    75715   
1325    35560   
1326    46728   
1327    10481   
1328    9408    
1329    32574   
1330    26599   
1331    126883  
1332    102636  
1333    173051  
1334    79876   
1335    226560  
1336    188045  
1337    18616   
1338    41475   
1339    109933  
1340    47879   
1341    25757   
1342    4047    
1343    248151  
1344    209981  
1345    253346  
1346    57603   
1347    165291  
1348    71285   
1349    22241   
1350    51641   
1351    172064  
1352    230569  
1353    54937   
1354    175258  
1355    44140   
1356    90497   
1357    221986  
1358    54622   
1359    99905   
1360    254560  
1361    81221   
1362    226789  
1363    95053   
1364    254272  
1365    44521   
1366    59469   
1367    180173  
1368    63138   
1369    100944  
1370    27962   
1371    111017  
1372    126701  
1373    32010   
1374    97024   
1375    74538   
1376    23212   
1377    154627  
1378    239829  
1379    94497   
1380    176868  
1381    29326   
1382    4417    
1383    145294  
1384    84263   
1385    179675  
1386    189434  
1387    174760  
1388    139517  
1389    244056  
1390    12521   
1391    131934  
1392    63134   
1393    239310  
1394    226987  
1395    55262   
1396    21688   
1397    24312   
1398    235436  
1399    84826   
1400    125256  
1401    1254    
1402    195843  
1403    251957  
1404    33264   
1405    30723   
1406    64351   
1407    56477   
1408    185350  
1409    42036   
1410    150974  
1411    100075  
1412    71362   
1413    155392  
1414    245369  
1415    155625  
1416    72923   
1417    172659  
1418    68241   
1419    212441  
1420    154572  
1421    80762   
1422    82231   
1423    217706  
1424    57929   
1425    47074   
1426    10824   
1427    79617   
1428    71386   
1429    246260  
1430    164443  
1431    196642  
1432    247515  
1433    98142   
1434    186455  
1435    18635   
1436    128865  
1437    250806  
1438    75112   
1439    52071   
1440    30698   
1441    226087  
1442    152146  
1443    102060  
1444    119335  
1445    135371  
1446    257685  
1447    192258  
1448    45887   
1449    63782   
1450    142555  
1451    200459  
1452    144544  
1453    224786  
1454    156021  
1455    202473  
1456    9716    
1457    166845  
1458    19946   
1459    81102   
1460    150962  
1461    184389  
1462    15600   
1463    136333  
1464    20387   
1465    202055  
1466    154968  
1467    149252  
1468    190717  
1469    230081  
1470    201324  
1471    221415  
1472    194024  
1473    91326   
1474    61331   
1475    51215   
1476    226698  
1477    56872   
1478    243473  
1479    10441   
1480    120654  
1481    123885  
1482    210900  
1483    3055    
1484    86527   
1485    104777  
1486    205528  
1487    96244   
1488    9478    
1489    225475  
1490    177346  
1491    160440  
1492    147720  
1493    192947  
1494    34629   
1495    168108  
1496    132858  
1497    189598  
1498    55216   
1499    61432   
1500    157535  
1501    256540  
1502    20703   
1503    89415   
1504    85723   
1505    82035   
1506    140630  
1507    50277   
1508    138907  
1509    121959  
1510    60718   
1511    259562  
1512    245844  
1513    9474    
1514    473     
1515    70228   
1516    114251  
1517    206001  
1518    166472  
1519    123729  
1520    169332  
1521    81674   
1522    22026   
1523    54909   
1524    12477   
1525    56655   
1526    223017  
1527    145336  
1528    246253  
1529    16089   
1530    206768  
1531    141644  
1532    10486   
1533    227471  
1534    231059  
1535    96209   
1536    47362   
1537    109545  
1538    146486  
1539    186270  
1540    231505  
1541    207204  
1542    183688  
1543    215205  
1544    216678  
1545    184161  
1546    23289   
1547    68785   
1548    128018  
1549    189761  
1550    192514  
1551    35207   
1552    9292    
1553    214540  
1554    90116   
1555    21769   
1556    9052    
1557    50989   
1558    167105  
1559    255305  
1560    67078   
1561    111729  
1562    134806  
1563    77564   
1564    77057   
1565    103721  
1566    173773  
1567    124419  
1568    213267  
1569    58115   
1570    48545   
1571    182628  
1572    3175    
1573    232233  
1574    135689  
1575    219853  
1576    154250  
1577    158979  
1578    26494   
1579    20125   
1580    86596   
1581    219009  
1582    55332   
1583    95888   
1584    171405  
1585    145448  
1586    117658  
1587    180457  
1588    196437  
1589    22619   
1590    173619  
1591    1371    
1592    134349  
1593    46281   
1594    78936   
1595    211406  
1596    150002  
1597    252709  
1598    73681   
1599    101125  
1600    48681   
1601    122227  
1602    21609   
1603    51856   
1604    92316   
1605    157299  
1606    9566    
1607    246567  
1608    54134   
1609    36060   
1610    4548    
1611    140730  
1612    255069  
1613    59880   
1614    236619  
1615    164331  
1616    205328  
1617    92133   
1618    82644   
1619    139621  
1620    114752  
1621    256263  
1622    140992  
1623    249101  
1624    40400   
1625    219928  
1626    198363  
1627    190403  
1628    210494  
1629    9901    
1630    29384   
1631    259175  
1632    132128  
1633    50994   
1634    48887   
1635    224444  
1636    208293  
1637    58453   
1638    208867  
1639    283     
1640    94514   
1641    213415  
1642    141013  
1643    87439   
1644    11151   
1645    115488  
1646    251770  
1647    216479  
1648    207621  
1649    72271   
1650    93956   
1651    60230   
1652    66390   
1653    234949  
1654    47187   
1655    106791  
1656    192733  
1657    245551  
1658    35050   
1659    141083  
1660    255452  
1661    64434   
1662    138114  
1663    125436  
1664    115428  
1665    187002  
1666    87736   
1667    61577   
1668    245455  
1669    34460   
1670    61860   
1671    77825   
1672    247875  
1673    202874  
1674    165265  
1675    259027  
1676    56218   
1677    154891  
1678    213362  
1679    1696    
1680    227162  
1681    45175   
1682    61926   
1683    31409   
1684    17980   
1685    109113  
1686    138200  
1687    210713  
1688    92520   
1689    173250  
1690    89653   
1691    85828   
1692    237684  
1693    227767  
1694    211264  
1695    90969   
1696    152625  
1697    36857   
1698    152546  
1699    135937  
1700    71317   
1701    214407  
1702    213762  
1703    57048   
1704    155137  
1705    116883  
1706    53931   
1707    211355  
1708    9631    
1709    5150    
1710    213051  
1711    236793  
1712    50325   
1713    12833   
1714    6058    
1715    68305   
1716    121947  
1717    144258  
1718    16874   
1719    214467  
1720    55364   
1721    106527  
1722    38152   
1723    30905   
1724    72151   
1725    249416  
1726    121874  
1727    224776  
1728    24129   
1729    12276   
1730    98569   
1731    95446   
1732    226683  
1733    50188   
1734    152495  
1735    119676  
1736    167071  
1737    206426  
1738    68888   
1739    176702  
1740    211576  
1741    19795   
1742    151352  
1743    261901  
1744    32629   
1745    157410  
1746    68062   
1747    154576  
1748    39525   
1749    84937   
1750    106899  
1751    94889   
1752    191464  
1753    145051  
1754    125794  
1755    1471    
1756    132324  
1757    247668  
1758    226248  
1759    156453  
1760    259945  
1761    62673   
1762    251900  
1763    224484  
1764    112861  
1765    142251  
1766    82017   
1767    17789   
1768    86533   
1769    150905  
1770    194491  
1771    35966   
1772    170700  
1773    83699   
1774    35723   
1775    203329  
1776    241110  
1777    103786  
1778    95761   
1779    18491   
1780    188723  
1781    202661  
1782    113380  
1783    118043  
1784    85568   
1785    239175  
1786    119515  
1787    217892  
1788    224699  
1789    83619   
1790    112202  
1791    222500  
1792    146292  
1793    101958  
1794    184841  
1795    259154  
1796    244209  
1797    4714    
1798    14799   
1799    68598   
1800    155619  
1801    209290  
1802    104564  
1803    64175   
1804    30846   
1805    140288  
1806    5361    
1807    9812    
1808    244074  
1809    101122  
1810    28303   
1811    170653  
1812    41639   
1813    141683  
1814    26552   
1815    127208  
1816    118714  
1817    146067  
1818    82956   
1819    81270   
1820    229686  
1821    195158  
1822    41626   
1823    113835  
1824    34972   
1825    226467  
1826    110845  
1827    17037   
1828    231181  
1829    125644  
1830    85636   
1831    124656  
1832    72790   
1833    190200  
1834    188832  
1835    103636  
1836    68344   
1837    194193  
1838    113448  
1839    50274   
1840    33171   
1841    141751  
1842    220927  
1843    74811   
1844    21291   
1845    247480  
1846    202019  
1847    140005  
1848    131403  
1849    22831   
1850    221275  
1851    98946   
1852    217990  
1853    758     
1854    212781  
1855    252962  
1856    227225  
1857    61482   
1858    7856    
1859    196263  
1860    187126  
1861    93492   
1862    58775   
1863    259916  
1864    21548   
1865    247607  
1866    101409  
1867    89893   
1868    179656  
1869    214857  
1870    140167  
1871    212828  
1872    94465   
1873    98951   
1874    25495   
1875    115756  
1876    84287   
1877    227514  
1878    255761  
1879    215690  
1880    250345  
1881    214893  
1882    52492   
1883    206191  
1884    215651  
1885    3129    
1886    197010  
1887    180732  
1888    64611   
1889    204866  
1890    114851  
1891    251737  
1892    36214   
1893    173627  
1894    249510  
1895    57762   
1896    159090  
1897    88775   
1898    147655  
1899    76603   
1900    41488   
1901    25679   
1902    27287   
1903    135953  
1904    124630  
1905    52782   
1906    251709  
1907    208917  
1908    18152   
1909    245327  
1910    162463  
1911    6353    
1912    198076  
1913    214956  
1914    212545  
1915    151583  
1916    218085  
1917    147411  
1918    70171   
1919    20553   
1920    90133   
1921    185023  
1922    10146   
1923    126347  
1924    96506   
1925    259656  
1926    184109  
1927    255596  
1928    86287   
1929    69621   
1930    70055   
1931    127776  
1932    95300   
1933    97342   
1934    1585    
1935    219930  
1936    150124  
1937    253295  
1938    166703  
1939    168276  
1940    236478  
1941    67022   
1942    174630  
1943    172410  
1944    19834   
1945    125031  
1946    61849   
1947    237920  
1948    10298   
1949    132020  
1950    258473  
1951    100431  
1952    54899   
1953    6475    
1954    226778  
1955    151405  
1956    3988    
1957    148743  
1958    144858  
1959    90275   
1960    218364  
1961    214913  
1962    218051  
1963    51520   
1964    50112   
1965    219637  
1966    9306    
1967    200236  
1968    210788  
1969    176009  
1970    106369  
1971    185122  
1972    243032  
1973    18855   
1974    95388   
1975    722     
1976    143886  
1977    157237  
1978    238642  
1979    154184  
1980    27113   
1981    234971  
1982    254615  
1983    82013   
1984    241447  
1985    219249  
1986    233418  
1987    245435  
1988    105848  
1989    116132  
1990    73566   
1991    62069   
1992    68902   
1993    29474   
1994    113589  
1995    119014  
1996    249111  
1997    122896  
1998    57106   
1999    197755  
2000    36761   
2001    163475  
2002    120733  
2003    17649   
2004    182330  
2005    216121  
2006    18372   
2007    64072   
2008    111214  
2009    257014  
2010    218256  
2011    138327  
2012    229842  
2013    210727  
2014    220340  
2015    209145  
2016    167832  
2017    191615  
2018    192436  
2019    11537   
2020    45603   
2021    3858    
2022    73606   
2023    114505  
2024    33332   
2025    187195  
2026    233519  
2027    20299   
2028    47947   
2029    28482   
2030    218054  
2031    84709   
2032    191957  
2033    76643   
2034    102358  
2035    112144  
2036    30620   
2037    120730  
2038    176216  
2039    141834  
2040    115601  
2041    132329  
2042    18018   
2043    83299   
2044    80912   
2045    238358  
2046    30300   
2047    248745  
2048    167829  
2049    222736  
2050    260282  
2051    213433  
2052    226594  
2053    71744   
2054    65794   
2055    259927  
2056    258939  
2057    37170   
2058    18082   
2059    44743   
2060    65652   
2061    236137  
2062    129452  
2063    257609  
2064    50636   
2065    231810  
2066    107609  
2067    81257   
2068    90397   
2069    21682   
2070    223091  
2071    205998  
2072    154011  
2073    241109  
2074    27153   
2075    234923  
2076    217324  
2077    57453   
2078    221524  
2079    123009  
2080    18045   
2081    219662  
2082    74298   
2083    244639  
2084    29262   
2085    140093  
2086    242422  
2087    26058   
2088    177263  
2089    260505  
2090    70801   
2091    242915  
2092    234498  
2093    200253  
2094    238380  
2095    22990   
2096    169919  
2097    83846   
2098    104247  
2099    260316  
2100    105528  
2101    65195   
2102    204170  
2103    259539  
2104    44160   
2105    231323  
2106    232318  
2107    261484  
2108    26632   
2109    191699  
2110    122350  
2111    44677   
2112    149217  
2113    196648  
2114    27173   
2115    178480  
2116    74597   
2117    7451    
2118    204538  
2119    251860  
2120    5812    
2121    13195   
2122    232631  
2123    240310  
2124    213448  
2125    208868  
2126    1157    
2127    121223  
2128    30570   
2129    105404  
2130    119396  
2131    136098  
2132    170599  
2133    61422   
2134    133493  
2135    214760  
2136    30602   
2137    103667  
2138    214100  
2139    57234   
2140    33222   
2141    74306   
2142    101912  
2143    182440  
2144    8811    
2145    129085  
2146    98776   
2147    83408   
2148    136536  
2149    41170   
2150    73125   
2151    142349  
2152    54365   
2153    43612   
2154    120515  
2155    5669    
2156    252480  
2157    121672  
2158    126892  
2159    20906   
2160    227077  
2161    246288  
2162    157004  
2163    135532  
2164    45567   
2165    28353   
2166    88148   
2167    76169   
2168    132021  
2169    40105   
2170    133403  
2171    165243  
2172    114411  
2173    235315  
2174    85539   
2175    123222  
2176    102256  
2177    184315  
2178    206631  
2179    238793  
2180    225485  
2181    17612   
2182    118998  
2183    17706   
2184    61224   
2185    239513  
2186    23375   
2187    51561   
2188    99042   
2189    150268  
2190    72467   
2191    63975   
2192    134412  
2193    229472  
2194    199507  
2195    179979  
2196    257825  
2197    25512   
2198    256148  
2199    127702  
2200    65617   
2201    127408  
2202    30802   
2203    180028  
2204    100579  
2205    116341  
2206    41107   
2207    202836  
2208    38513   
2209    247738  
2210    179485  
2211    1854    
2212    3206    
2213    36339   
2214    19561   
2215    64430   
2216    13708   
2217    42936   
2218    115991  
2219    112750  
2220    193204  
2221    188459  
2222    176725  
2223    65473   
2224    155787  
2225    114089  
2226    245452  
2227    151468  
2228    139601  
2229    239457  
2230    17027   
2231    205218  
2232    104721  
2233    47829   
2234    123102  
2235    205300  
2236    164170  
2237    164209  
2238    145992  
2239    202683  
2240    149803  
2241    63333   
2242    204538  
2243    153009  
2244    99672   
2245    224099  
2246    217440  
2247    113381  
2248    4891    
2249    71287   
2250    226131  
2251    198096  
2252    259746  
2253    140713  
2254    1425    
2255    153389  
2256    254802  
2257    246877  
2258    42714   
2259    132259  
2260    224190  
2261    59741   
2262    75333   
2263    66767   
2264    107570  
2265    198435  
2266    9924    
2267    9596    
2268    100501  
2269    155916  
2270    212280  
2271    250304  
2272    219250  
2273    154674  
2274    141170  
2275    56778   
2276    116629  
2277    96466   
2278    170159  
2279    121520  
2280    167753  
2281    134147  
2282    57472   
2283    165356  
2284    12716   
2285    58897   
2286    56601   
2287    5374    
2288    43631   
2289    99315   
2290    137633  
2291    5677    
2292    159056  
2293    212966  
2294    72445   
2295    4482    
2296    149257  
2297    82369   
2298    14079   
2299    249758  
2300    238285  
2301    226359  
2302    237919  
2303    195391  
2304    118889  
2305    116945  
2306    252170  
2307    235518  
2308    213411  
2309    160185  
2310    94894   
2311    119020  
2312    32188   
2313    152367  
2314    22232   
2315    44904   
2316    211264  
2317    78834   
2318    50278   
2319    254895  
2320    178149  
2321    187911  
2322    260573  
2323    75062   
2324    138733  
2325    70874   
2326    79544   
2327    25847   
2328    153243  
2329    93623   
2330    13461   
2331    129384  
2332    57838   
2333    251380  
2334    62632   
2335    176727  
2336    106181  
2337    52658   
2338    150101  
2339    57448   
2340    212843  
2341    244996  
2342    176469  
2343    245032  
2344    135219  
2345    198701  
2346    27792   
2347    84339   
2348    15391   
2349    78071   
2350    77091   
2351    193541  
2352    3838    
2353    75520   
2354    6459    
2355    142572  
2356    146394  
2357    86003   
2358    168419  
2359    37493   
2360    179627  
2361    181880  
2362    166877  
2363    237465  
2364    171117  
2365    229509  
2366    152049  
2367    15154   
2368    20023   
2369    40006   
2370    72603   
2371    232867  
2372    22858   
2373    249072  
2374    215755  
2375    158077  
2376    185629  
2377    243547  
2378    242417  
2379    201021  
2380    59474   
2381    57364   
2382    132418  
2383    63313   
2384    132884  
2385    138877  
2386    205885  
2387    17134   
2388    224880  
2389    112160  
2390    54627   
2391    142363  
2392    31896   
2393    221504  
2394    117685  
2395    203013  
2396    188870  
2397    7590    
2398    218168  
2399    208893  
2400    47596   
2401    28627   
2402    179616  
2403    70455   
2404    15555   
2405    133227  
2406    228532  
2407    201184  
2408    114631  
2409    208805  
2410    140061  
2411    174105  
2412    4025    
2413    10335   
2414    237418  
2415    136909  
2416    149212  
2417    181159  
2418    154043  
2419    111949  
2420    31175   
2421    208670  
2422    254312  
2423    63072   
2424    168031  
2425    109853  
2426    3941    
2427    94757   
2428    117443  
2429    222109  
2430    41506   
2431    165040  
2432    250736  
2433    221123  
2434    235495  
2435    4147    
2436    92206   
2437    201883  
2438    205332  
2439    206837  
2440    148545  
2441    83249   
2442    118799  
2443    152570  
2444    93585   
2445    94073   
2446    27336   
2447    242797  
2448    13089   
2449    181379  
2450    92602   
2451    44264   
2452    127906  
2453    84771   
2454    107336  
2455    33793   
2456    194624  
2457    111278  
2458    128550  
2459    49924   
2460    71243   
2461    170056  
2462    214964  
2463    59836   
2464    129035  
2465    188315  
2466    63983   
2467    221242  
2468    128054  
2469    7171    
2470    165935  
2471    14455   
2472    90421   
2473    22590   
2474    167026  
2475    184006  
2476    116664  
2477    194362  
2478    164659  
2479    129753  
2480    113597  
2481    257262  
2482    174017  
2483    241503  
2484    79889   
2485    19210   
2486    13152   
2487    12369   
2488    130488  
2489    141702  
2490    62293   
2491    201731  
2492    49615   
2493    15113   
2494    261567  
2495    178650  
2496    203428  
2497    63407   
2498    137748  
2499    69339   
2500    70578   
2501    41540   
2502    83794   
2503    160999  
2504    64130   
2505    250820  
2506    82861   
2507    180794  
2508    183038  
2509    247521  
2510    48403   
2511    34492   
2512    242639  
2513    222421  
2514    13851   
2515    60384   
2516    241631  
2517    27004   
2518    72753   
2519    109975  
2520    168706  
2521    135047  
2522    49562   
2523    218321  
2524    150160  
2525    48986   
2526    134828  
2527    91445   
2528    112393  
2529    10432   
2530    160784  
2531    182971  
2532    51972   
2533    244578  
2534    81827   
2535    116103  
2536    233255  
2537    164688  
2538    34753   
2539    154149  
2540    150065  
2541    83157   
2542    188641  
2543    130560  
2544    43434   
2545    202493  
2546    190944  
2547    22921   
2548    229497  
2549    1554    
2550    132896  
2551    136059  
2552    136601  
2553    182458  
2554    92237   
2555    24617   
2556    231444  
2557    227065  
2558    116062  
2559    81693   
2560    237497  
2561    14702   
2562    2521    
2563    27326   
2564    259281  
2565    84348   
2566    143429  
2567    230392  
2568    249036  
2569    178182  
2570    122397  
2571    136958  
2572    261339  
2573    48895   
2574    5374    
2575    42629   
2576    251388  
2577    196319  
2578    65550   
2579    218741  
2580    197873  
2581    198446  
2582    92656   
2583    72330   
2584    118761  
2585    184893  
2586    96947   
2587    88061   
2588    149814  
2589    213010  
2590    169755  
2591    125168  
2592    227712  
2593    172276  
2594    152494  
2595    224849  
2596    256624  
2597    33779   
2598    193097  
2599    243516  
2600    211961  
2601    53351   
2602    118330  
2603    211157  
2604    102246  
2605    123705  
2606    253786  
2607    91490   
2608    57880   
2609    57193   
2610    48087   
2611    255753  
2612    255639  
2613    140743  
2614    65939   
2615    112256  
2616    63493   
2617    162886  
2618    200318  
2619    213307  
2620    113752  
2621    107929  
2622    76331   
2623    79321   
2624    18061   
2625    228825  
2626    42026   
2627    12541   
2628    460     
2629    235124  
2630    256057  
2631    212422  
2632    26331   
2633    112244  
2634    161435  
2635    128577  
2636    235949  
2637    153077  
2638    220067  
2639    31685   
2640    210270  
2641    6010    
2642    25294   
2643    203766  
2644    146753  
2645    91233   
2646    53878   
2647    210246  
2648    254119  
2649    254196  
2650    161410  
2651    105728  
2652    99981   
2653    237741  
2654    185049  
2655    118042  
2656    204423  
2657    227075  
2658    130583  
2659    204883  
2660    200055  
2661    124497  
2662    155161  
2663    226386  
2664    236741  
2665    54452   
2666    92819   
2667    210546  
2668    207530  
2669    50742   
2670    242231  
2671    155656  
2672    56752   
2673    5381    
2674    97278   
2675    203506  
2676    96614   
2677    151157  
2678    151608  
2679    88589   
2680    143209  
2681    50874   
2682    194317  
2683    243191  
2684    26472   
2685    117222  
2686    99089   
2687    230895  
2688    82154   
2689    229673  
2690    173634  
2691    20065   
2692    92026   
2693    66652   
2694    246452  
2695    66623   
2696    121104  
2697    77127   
2698    15025   
2699    66490   
2700    127870  
2701    257256  
2702    222147  
2703    184622  
2704    493     
2705    57281   
2706    125984  
2707    97107   
2708    208438  
2709    15449   
2710    185696  
2711    89504   
2712    66323   
2713    117870  
2714    70551   
2715    92795   
2716    235092  
2717    169640  
2718    61546   
2719    55102   
2720    137169  
2721    235181  
2722    75168   
2723    229195  
2724    39689   
2725    59476   
2726    33674   
2727    160793  
2728    136603  
2729    48699   
2730    227284  
2731    2329    
2732    43811   
2733    187287  
2734    186952  
2735    44304   
2736    244568  
2737    50792   
2738    141411  
2739    190863  
2740    66241   
2741    64964   
2742    18223   
2743    132565  
2744    182834  
2745    88774   
2746    225360  
2747    155782  
2748    258414  
2749    24763   
2750    210885  
2751    133440  
2752    259944  
2753    23909   
2754    100491  
2755    37489   
2756    83385   
2757    134166  
2758    198282  
2759    219988  
2760    182865  
2761    163422  
2762    222318  
2763    226677  
2764    88565   
2765    147126  
2766    8837    
2767    70990   
2768    197918  
2769    150249  
2770    261853  
2771    2016    
2772    215213  
2773    17932   
2774    134581  
2775    135903  
2776    106706  
2777    97797   
2778    29541   
2779    102976  
2780    122560  
2781    240426  
2782    236416  
2783    120360  
2784    2191    
2785    74764   
2786    157849  
2787    85576   
2788    208930  
2789    93988   
2790    43421   
2791    129651  
2792    257410  
2793    3595    
2794    94184   
2795    83832   
2796    150721  
2797    103022  
2798    154822  
2799    86495   
2800    253271  
2801    154531  
2802    88511   
2803    206340  
2804    172463  
2805    223092  
2806    80099   
2807    17025   
2808    58746   
2809    109640  
2810    120001  
2811    181306  
2812    87923   
2813    94274   
2814    39523   
2815    90114   
2816    169038  
2817    197372  
2818    175691  
2819    115824  
2820    29216   
2821    219112  
2822    245475  
2823    24483   
2824    222707  
2825    77516   
2826    108315  
2827    111284  
2828    180538  
2829    993     
2830    197779  
2831    171665  
2832    155524  
2833    24147   
2834    115861  
2835    65843   
2836    247239  
2837    195960  
2838    82868   
2839    43841   
2840    43456   
2841    202869  
2842    225148  
2843    131379  
2844    34999   
2845    2527    
2846    221494  
2847    204037  
2848    199899  
2849    135041  
2850    57717   
2851    229116  
2852    92009   
2853    41049   
2854    253599  
2855    52572   
2856    118565  
2857    99770   
2858    163856  
2859    36959   
2860    100763  
2861    99491   
2862    208624  
2863    256287  
2864    123638  
2865    62341   
2866    59986   
2867    108734  
2868    258301  
2869    142854  
2870    152575  
2871    39613   
2872    83579   
2873    115579  
2874    170993  
2875    118579  
2876    118106  
2877    130343  
2878    60472   
2879    55862   
2880    3240    
2881    118190  
2882    22834   
2883    95249   
2884    159239  
2885    14289   
2886    147821  
2887    15660   
2888    114059  
2889    49533   
2890    52619   
2891    214822  
2892    149024  
2893    261243  
2894    208965  
2895    10519   
2896    61440   
2897    6807    
2898    119253  
2899    57597   
2900    149661  
2901    9684    
2902    97210   
2903    233240  
2904    125264  
2905    6059    
2906    89675   
2907    243370  
2908    136402  
2909    150148  
2910    37088   
2911    139642  
2912    6194    
2913    59922   
2914    234891  
2915    165433  
2916    74211   
2917    120568  
2918    181093  
2919    188270  
2920    170101  
2921    233712  
2922    140948  
2923    56982   
2924    232811  
2925    87769   
2926    67501   
2927    32107   
2928    94576   
2929    186754  
2930    89704   
2931    244237  
2932    196438  
2933    186914  
2934    215334  
2935    59558   
2936    192974  
2937    42865   
2938    40785   
2939    67232   
2940    193013  
2941    77873   
2942    206875  
2943    199207  
2944    137796  
2945    179622  
2946    102496  
2947    212007  
2948    38047   
2949    21445   
2950    138134  
2951    208148  
2952    255157  
2953    16938   
2954    2986    
2955    225824  
2956    104708  
2957    70487   
2958    257931  
2959    199284  
2960    257241  
2961    85491   
2962    181378  
2963    191536  
2964    10262   
2965    134568  
2966    251094  
2967    203236  
2968    177433  
2969    29735   
2970    8324    
2971    108303  
2972    107609  
2973    215199  
2974    45366   
2975    245405  
2976    132678  
2977    147863  
2978    195268  
2979    170725  
2980    169308  
2981    71258   
2982    116729  
2983    162322  
2984    88197   
2985    119716  
2986    126002  
2987    192905  
2988    190203  
2989    121790  
2990    130045  
2991    185301  
2992    207281  
2993    49279   
2994    114693  
2995    217543  
2996    183847  
2997    103643  
2998    158635  
2999    99137   
3000    133379  
3001    166960  
3002    207440  
3003    240988  
3004    120015  
3005    252806  
3006    224249  
3007    252693  
3008    138525  
3009    157373  
3010    161274  
3011    45690   
3012    228632  
3013    15860   
3014    208012  
3015    54685   
3016    135576  
3017    71870   
3018    247590  
3019    63635   
3020    193660  
3021    115491  
3022    248936  
3023    138798  
3024    164771  
3025    101485  
3026    94197   
3027    86474   
3028    205129  
3029    252833  
3030    185611  
3031    76364   
3032    157649  
3033    130907  
3034    55208   
3035    15520   
3036    121570  
3037    17313   
3038    6070    
3039    260095  
3040    174686  
3041    167344  
3042    43641   
3043    141174  
3044    183204  
3045    251653  
3046    195859  
3047    56636   
3048    61380   
3049    181305  
3050    120272  
3051    255040  
3052    34653   
3053    107064  
3054    131694  
3055    199424  
3056    208550  
3057    225892  
3058    23754   
3059    151535  
3060    216581  
3061    209366  
3062    227899  
3063    112086  
3064    78129   
3065    20963   
3066    127606  
3067    199699  
3068    38276   
3069    133676  
3070    197651  
3071    212962  
3072    38877   
3073    241292  
3074    91993   
3075    222081  
3076    230802  
3077    25708   
3078    16574   
3079    30038   
3080    207014  
3081    136846  
3082    22934   
3083    241667  
3084    243910  
3085    154629  
3086    178947  
3087    190316  
3088    118377  
3089    202701  
3090    79707   
3091    72814   
3092    149923  
3093    45462   
3094    184900  
3095    228053  
3096    66425   
3097    50362   
3098    165608  
3099    104701  
3100    184039  
3101    101115  
3102    55520   
3103    222916  
3104    80264   
3105    147513  
3106    182853  
3107    48922   
3108    173221  
3109    199427  
3110    78960   
3111    118091  
3112    74129   
3113    101894  
3114    97614   
3115    55896   
3116    256523  
3117    14417   
3118    246212  
3119    112756  
3120    217119  
3121    63776   
3122    185570  
3123    104898  
3124    109238  
3125    108326  
3126    70807   
3127    175664  
3128    158689  
3129    236416  
3130    18221   
3131    80584   
3132    75387   
3133    73741   
3134    41356   
3135    155651  
3136    221254  
3137    224209  
3138    204573  
3139    132332  
3140    161493  
3141    21389   
3142    250423  
3143    235622  
3144    123284  
3145    85894   
3146    29374   
3147    117663  
3148    100311  
3149    13443   
3150    230420  
3151    55286   
3152    77219   
3153    153846  
3154    160185  
3155    186457  
3156    29      
3157    230992  
3158    99977   
3159    158718  
3160    205264  
3161    118199  
3162    239302  
3163    18508   
3164    191940  
3165    18514   
3166    174159  
3167    151051  
3168    242723  
3169    116589  
3170    21239   
3171    142072  
3172    137978  
3173    9518    
3174    115551  
3175    261262  
3176    95412   
3177    144925  
3178    116782  
3179    195724  
3180    158368  
3181    85058   
3182    251010  
3183    235587  
3184    238904  
3185    149051  
3186    159901  
3187    238933  
3188    117900  
3189    259878  
3190    135507  
3191    61020   
3192    115933  
3193    112665  
3194    79528   
3195    45730   
3196    131179  
3197    253688  
3198    196781  
3199    111759  
3200    108133  
3201    218020  
3202    253831  
3203    246111  
3204    227538  
3205    107238  
3206    245230  
3207    60807   
3208    252164  
3209    99868   
3210    256531  
3211    148388  
3212    184926  
3213    245397  
3214    121832  
3215    161686  
3216    132305  
3217    19589   
3218    138476  
3219    250205  
3220    17323   
3221    11839   
3222    49081   
3223    133257  
3224    124505  
3225    128610  
3226    178987  
3227    255684  
3228    120154  
3229    113624  
3230    105299  
3231    228287  
3232    69500   
3233    96987   
3234    212254  
3235    34894   
3236    204225  
3237    195340  
3238    95701   
3239    194245  
3240    33064   
3241    90088   
3242    80490   
3243    217990  
3244    73342   
3245    202322  
3246    117533  
3247    205647  
3248    221911  
3249    256009  
3250    193708  
3251    239234  
3252    5704    
3253    242789  
3254    110347  
3255    130209  
3256    109255  
3257    27190   
3258    123750  
3259    229409  
3260    140814  
3261    229049  
3262    195552  
3263    210314  
3264    63892   
3265    145663  
3266    245209  
3267    5974    
3268    78859   
3269    78766   
3270    200219  
3271    111924  
3272    168855  
3273    18565   
3274    67770   
3275    242197  
3276    220887  
3277    185303  
3278    185700  
3279    180654  
3280    179168  
3281    117264  
3282    157745  
3283    184873  
3284    97909   
3285    5948    
3286    52938   
3287    207165  
3288    33139   
3289    176688  
3290    174430  
3291    173953  
3292    143594  
3293    107839  
3294    122124  
3295    207486  
3296    253502  
3297    105189  
3298    213460  
3299    70217   
3300    183955  
3301    151536  
3302    182141  
3303    90666   
3304    170101  
3305    249912  
3306    70719   
3307    128845  
3308    173071  
3309    256419  
3310    47355   
3311    90096   
3312    111539  
3313    205100  
3314    12825   
3315    209449  
3316    211049  
3317    65763   
3318    154470  
3319    244188  
3320    242452  
3321    66756   
3322    155997  
3323    123902  
3324    174595  
3325    15977   
3326    69244   
3327    165953  
3328    121166  
3329    20561   
3330    236171  
3331    42978   
3332    172097  
3333    156168  
3334    133644  
3335    80054   
3336    143936  
3337    204364  
3338    208899  
3339    54864   
3340    198639  
3341    256255  
3342    144960  
3343    48035   
3344    199211  
3345    157785  
3346    257484  
3347    148116  
3348    223548  
3349    149810  
3350    130160  
3351    203856  
3352    216566  
3353    24014   
3354    65614   
3355    129018  
3356    39991   
3357    134859  
3358    32827   
3359    161158  
3360    155420  
3361    6854    
3362    204136  
3363    65373   
3364    163023  
3365    75636   
3366    145427  
3367    44815   
3368    17856   
3369    92183   
3370    99679   
3371    216496  
3372    86294   
3373    244639  
3374    2387    
3375    23361   
3376    140280  
3377    259871  
3378    171478  
3379    101685  
3380    147537  
3381    39494   
3382    43397   
3383    101959  
3384    63508   
3385    109012  
3386    230977  
3387    103500  
3388    243871  
3389    1661    
3390    2514    
3391    137147  
3392    8515    
3393    206650  
3394    202520  
3395    171538  
3396    20142   
3397    85803   
3398    216354  
3399    37999   
3400    177986  
3401    53889   
3402    254495  
3403    2136    
3404    36385   
3405    256882  
3406    25498   
3407    176665  
3408    254609  
3409    196976  
3410    16206   
3411    140002  
3412    236470  
3413    59604   
3414    241961  
3415    37835   
3416    168616  
3417    210795  
3418    141335  
3419    150343  
3420    212456  
3421    143849  
3422    25346   
3423    220971  
3424    88355   
3425    227866  
3426    130366  
3427    108497  
3428    51525   
3429    84576   
3430    146496  
3431    229512  
3432    138465  
3433    138847  
3434    231648  
3435    174850  
3436    133585  
3437    257146  
3438    89372   
3439    126050  
3440    191978  
3441    105578  
3442    3908    
3443    166305  
3444    165182  
3445    245870  
3446    204140  
3447    71654   
3448    194521  
3449    83331   
3450    221997  
3451    144833  
3452    227180  
3453    247343  
3454    103660  
3455    53391   
3456    213065  
3457    234026  
3458    161888  
3459    2447    
3460    56458   
3461    46241   
3462    231959  
3463    194924  
3464    185088  
3465    201463  
3466    107630  
3467    56530   
3468    196466  
3469    197002  
3470    182580  
3471    126300  
3472    40437   
3473    186489  
3474    30461   
3475    205619  
3476    170215  
3477    234601  
3478    15130   
3479    102592  
3480    55788   
3481    237127  
3482    247425  
3483    20824   
3484    222327  
3485    88941   
3486    74215   
3487    173248  
3488    60824   
3489    236104  
3490    175695  
3491    117282  
3492    20201   
3493    145510  
3494    50062   
3495    205289  
3496    84830   
3497    157693  
3498    261819  
3499    19152   
3500    92551   
3501    182256  
3502    145452  
3503    132988  
3504    106601  
3505    175914  
3506    76464   
3507    14672   
3508    148371  
3509    91594   
3510    117264  
3511    204160  
3512    66577   
3513    102545  
3514    224984  
3515    26760   
3516    191486  
3517    37056   
3518    200009  
3519    252310  
3520    11016   
3521    113560  
3522    107449  
3523    31217   
3524    259071  
3525    157511  
3526    236506  
3527    81757   
3528    53060   
3529    236182  
3530    100909  
3531    145612  
3532    156294  
3533    246361  
3534    16456   
3535    751     
3536    160131  
3537    92920   
3538    15423   
3539    46359   
3540    184514  
3541    132687  
3542    250519  
3543    251092  
3544    235232  
3545    213359  
3546    15708   
3547    164574  
3548    250415  
3549    215717  
3550    154741  
3551    261431  
3552    67134   
3553    46      
3554    30504   
3555    64061   
3556    157557  
3557    4867    
3558    145818  
3559    210618  
3560    241049  
3561    246727  
3562    94086   
3563    135199  
3564    230944  
3565    110542  
3566    135950  
3567    128932  
3568    203463  
3569    151373  
3570    175291  
3571    125833  
3572    21916   
3573    163666  
3574    114781  
3575    257148  
3576    114881  
3577    130490  
3578    159578  
3579    103153  
3580    84063   
3581    52175   
3582    102440  
3583    151197  
3584    52221   
3585    132945  
3586    215258  
3587    209779  
3588    137812  
3589    98932   
3590    158253  
3591    116717  
3592    83515   
3593    252339  
3594    251916  
3595    52316   
3596    100737  
3597    125722  
3598    181248  
3599    42056   
3600    14951   
3601    94395   
3602    167890  
3603    36867   
3604    258061  
3605    20527   
3606    31871   
3607    110798  
3608    151017  
3609    191449  
3610    213951  
3611    235081  
3612    243625  
3613    54248   
3614    124134  
3615    33702   
3616    187193  
3617    77249   
3618    243481  
3619    62861   
3620    176181  
3621    139590  
3622    179578  
3623    259697  
3624    129785  
3625    169350  
3626    49869   
3627    230523  
3628    32928   
3629    231117  
3630    10435   
3631    47879   
3632    63368   
3633    178325  
3634    84746   
3635    59285   
3636    198853  
3637    116617  
3638    170083  
3639    87726   
3640    45922   
3641    121891  
3642    60663   
3643    27403   
3644    176139  
3645    184798  
3646    61106   
3647    101188  
3648    262047  
3649    42443   
3650    164049  
3651    176084  
3652    182034  
3653    81483   
3654    173637  
3655    49675   
3656    250833  
3657    223506  
3658    18054   
3659    21617   
3660    192479  
3661    28490   
3662    69496   
3663    255847  
3664    206815  
3665    154242  
3666    52988   
3667    143524  
3668    8715    
3669    223072  
3670    231251  
3671    54637   
3672    82819   
3673    29770   
3674    82041   
3675    258958  
3676    214568  
3677    143147  
3678    98002   
3679    214471  
3680    185590  
3681    262051  
3682    128412  
3683    105480  
3684    81390   
3685    39905   
3686    155156  
3687    70079   
3688    1268    
3689    173210  
3690    91696   
3691    193747  
3692    201700  
3693    161192  
3694    187451  
3695    146372  
3696    53290   
3697    240439  
3698    27752   
3699    62005   
3700    201367  
3701    259003  
3702    116642  
3703    22042   
3704    26630   
3705    198683  
3706    18856   
3707    241198  
3708    79686   
3709    116858  
3710    193526  
3711    3133    
3712    116765  
3713    59794   
3714    108613  
3715    198155  
3716    99699   
3717    1625    
3718    6090    
3719    100967  
3720    174836  
3721    97786   
3722    32571   
3723    114392  
3724    258978  
3725    220022  
3726    260764  
3727    50124   
3728    198317  
3729    26373   
3730    112129  
3731    137541  
3732    23232   
3733    228772  
3734    159583  
3735    49862   
3736    165311  
3737    178440  
3738    28917   
3739    244998  
3740    33154   
3741    222443  
3742    248131  
3743    149920  
3744    20093   
3745    94600   
3746    85931   
3747    119792  
3748    96226   
3749    92022   
3750    220760  
3751    8918    
3752    189808  
3753    253331  
3754    123310  
3755    186643  
3756    211209  
3757    121931  
3758    236767  
3759    147382  
3760    148304  
3761    86753   
3762    22779   
3763    171536  
3764    53381   
3765    182363  
3766    221399  
3767    218692  
3768    98659   
3769    250316  
3770    201546  
3771    131813  
3772    210615  
3773    187533  
3774    19589   
3775    230708  
3776    19990   
3777    105521  
3778    88356   
3779    116216  
3780    197543  
3781    46972   
3782    125134  
3783    125207  
3784    38159   
3785    248444  
3786    49706   
3787    249368  
3788    108231  
3789    24330   
3790    134607  
3791    256535  
3792    111083  
3793    157386  
3794    165928  
3795    164464  
3796    77605   
3797    125183  
3798    121012  
3799    176264  
3800    113355  
3801    60415   
3802    45934   
3803    61826   
3804    247948  
3805    65523   
3806    30390   
3807    5794    
3808    171044  
3809    118746  
3810    122010  
3811    106443  
3812    165719  
3813    247144  
3814    231651  
3815    203878  
3816    233445  
3817    19213   
3818    191103  
3819    79532   
3820    43543   
3821    63566   
3822    73924   
3823    154626  
3824    220952  
3825    239852  
3826    56946   
3827    36414   
3828    102891  
3829    177959  
3830    212678  
3831    216246  
3832    238374  
3833    258612  
3834    15928   
3835    224178  
3836    61992   
3837    46318   
3838    229973  
3839    233036  
3840    165064  
3841    89839   
3842    77336   
3843    68639   
3844    74840   
3845    46843   
3846    10374   
3847    46141   
3848    66056   
3849    201477  
3850    125673  
3851    109600  
3852    2899    
3853    199597  
3854    2082    
3855    223851  
3856    177305  
3857    59029   
3858    260265  
3859    18052   
3860    236988  
3861    210800  
3862    234298  
3863    213218  
3864    207268  
3865    250226  
3866    175252  
3867    7116    
3868    34400   
3869    143081  
3870    240153  
3871    199465  
3872    232921  
3873    55345   
3874    5960    
3875    45617   
3876    102188  
3877    16334   
3878    91758   
3879    168244  
3880    217811  
3881    217431  
3882    15700   
3883    220710  
3884    154885  
3885    17783   
3886    182418  
3887    70046   
3888    76812   
3889    180539  
3890    88099   
3891    51656   
3892    129195  
3893    60253   
3894    2730    
3895    74320   
3896    48336   
3897    177982  
3898    81436   
3899    82736   
3900    58920   
3901    59445   
3902    20057   
3903    29697   
3904    114790  
3905    26018   
3906    75314   
3907    216978  
3908    42352   
3909    167072  
3910    123079  
3911    260164  
3912    122359  
3913    138779  
3914    218730  
3915    15100   
3916    156562  
3917    139004  
3918    85147   
3919    233374  
3920    57400   
3921    173246  
3922    22886   
3923    186595  
3924    233499  
3925    25616   
3926    260915  
3927    19691   
3928    203599  
3929    80208   
3930    102428  
3931    375     
3932    139653  
3933    122485  
3934    30072   
3935    254444  
3936    148503  
3937    105386  
3938    209278  
3939    190856  
3940    10314   
3941    70213   
3942    188876  
3943    132673  
3944    208993  
3945    145462  
3946    147774  
3947    103411  
3948    22323   
3949    232921  
3950    74642   
3951    79723   
3952    144023  
3953    97528   
3954    4174    
3955    115378  
3956    123145  
3957    2946    
3958    135070  
3959    64600   
3960    83154   
3961    237498  
3962    64975   
3963    222807  
3964    97839   
3965    95047   
3966    215107  
3967    246343  
3968    200433  
3969    162242  
3970    175055  
3971    210747  
3972    232455  
3973    101787  
3974    81276   
3975    179304  
3976    247249  
3977    229050  
3978    20572   
3979    7428    
3980    199827  
3981    95214   
3982    87151   
3983    81706   
3984    192742  
3985    91326   
3986    197085  
3987    53743   
3988    94272   
3989    70011   
3990    118343  
3991    177426  
3992    45365   
3993    183318  
3994    138089  
3995    143204  
3996    16221   
3997    91053   
3998    127403  
3999    216654  
4000    253295  
4001    40314   
4002    165257  
4003    223606  
4004    142101  
4005    246534  
4006    140767  
4007    127207  
4008    213440  
4009    161339  
4010    134635  
4011    151124  
4012    256553  
4013    221787  
4014    232830  
4015    187151  
4016    50969   
4017    167771  
4018    240895  
4019    145241  
4020    237782  
4021    97094   
4022    60523   
4023    21003   
4024    18269   
4025    198612  
4026    164208  
4027    34490   
4028    27521   
4029    29467   
4030    251145  
4031    18672   
4032    69782   
4033    154258  
4034    242279  
4035    211883  
4036    138648  
4037    120902  
4038    76946   
4039    89945   
4040    20097   
4041    211582  
4042    241069  
4043    14506   
4044    171225  
4045    211755  
4046    201657  
4047    222194  
4048    117383  
4049    180408  
4050    105291  
4051    93021   
4052    15359   
4053    165814  
4054    114025  
4055    33628   
4056    102282  
4057    16089   
4058    68118   
4059    129804  
4060    45556   
4061    57119   
4062    148476  
4063    115338  
4064    211378  
4065    128611  
4066    65078   
4067    87882   
4068    249513  
4069    142024  
4070    177827  
4071    7466    
4072    91462   
4073    156752  
4074    21972   
4075    543     
4076    106364  
4077    223630  
4078    222737  
4079    223747  
4080    141894  
4081    65884   
4082    54624   
4083    157253  
4084    231698  
4085    168649  
4086    190881  
4087    71837   
4088    184738  
4089    259000  
4090    201641  
4091    230295  
4092    53975   
4093    87973   
4094    83489   
4095    3209    
4096    216585  
4097    148567  
4098    91092   
4099    203954  
4100    28448   
4101    6775    
4102    211421  
4103    119910  
4104    163528  
4105    233393  
4106    120454  
4107    7748    
4108    194879  
4109    81047   
4110    231495  
4111    74630   
4112    146932  
4113    23975   
4114    231883  
4115    116486  
4116    192625  
4117    160621  
4118    188323  
4119    115219  
4120    157477  
4121    127820  
4122    83370   
4123    211452  
4124    215794  
4125    166860  
4126    214662  
4127    170235  
4128    53283   
4129    43610   
4130    112045  
4131    81731   
4132    50385   
4133    61322   
4134    201642  
4135    213913  
4136    32572   
4137    59952   
4138    221661  
4139    227451  
4140    140999  
4141    191012  
4142    39937   
4143    25787   
4144    214988  
4145    9677    
4146    142274  
4147    145469  
4148    170298  
4149    68453   
4150    260688  
4151    65631   
4152    196274  
4153    81915   
4154    14939   
4155    149924  
4156    248775  
4157    229601  
4158    58015   
4159    39914   
4160    11067   
4161    170060  
4162    121646  
4163    61453   
4164    231383  
4165    61144   
4166    13222   
4167    1811    
4168    121096  
4169    234884  
4170    229262  
4171    262095  
4172    163752  
4173    7056    
4174    25739   
4175    116596  
4176    16733   
4177    168013  
4178    262065  
4179    187031  
4180    236466  
4181    260610  
4182    252662  
4183    170596  
4184    80381   
4185    5457    
4186    58376   
4187    67012   
4188    235059  
4189    116391  
4190    106926  
4191    246126  
4192    24308   
4193    228572  
4194    45435   
4195    255691  
4196    27572   
4197    58658   
4198    257502  
4199    148668  
4200    31398   
4201    224620  
4202    148620  
4203    195150  
4204    231676  
4205    174359  
4206    49603   
4207    248409  
4208    80228   
4209    49524   
4210    173296  
4211    54550   
4212    47990   
4213    163814  
4214    225147  
4215    128371  
4216    169272  
4217    21379   
4218    195383  
4219    142187  
4220    137771  
4221    40166   
4222    126169  
4223    162079  
4224    6594    
4225    171605  
4226    155626  
4227    34167   
4228    230263  
4229    150984  
4230    182835  
4231    261661  
4232    113460  
4233    69311   
4234    194667  
4235    82993   
4236    243670  
4237    244270  
4238    69258   
4239    61754   
4240    31651   
4241    242555  
4242    116305  
4243    79641   
4244    144225  
4245    79308   
4246    208013  
4247    51353   
4248    100687  
4249    141252  
4250    193540  
4251    238458  
4252    181418  
4253    57566   
4254    138393  
4255    188013  
4256    229171  
4257    31875   
4258    222180  
4259    197290  
4260    182859  
4261    142871  
4262    196807  
4263    34176   
4264    212183  
4265    129330  
4266    117169  
4267    193709  
4268    111457  
4269    186427  
4270    255464  
4271    143108  
4272    166838  
4273    109625  
4274    222749  
4275    48920   
4276    188933  
4277    168618  
4278    100273  
4279    27476   
4280    47727   
4281    31670   
4282    3791    
4283    229145  
4284    89236   
4285    142184  
4286    155014  
4287    56263   
4288    174060  
4289    115050  
4290    253553  
4291    94775   
4292    257922  
4293    188216  
4294    128951  
4295    207961  
4296    55402   
4297    246120  
4298    139526  
4299    166859  
4300    170404  
4301    132846  
4302    47823   
4303    75098   
4304    242471  
4305    8429    
4306    124018  
4307    169260  
4308    177047  
4309    224292  
4310    196737  
4311    224774  
4312    255962  
4313    200528  
4314    191776  
4315    83054   
4316    80568   
4317    84646   
4318    139317  
4319    254628  
4320    199697  
4321    130726  
4322    87260   
4323    195475  
4324    56798   
4325    216211  
4326    141292  
4327    112200  
4328    200188  
4329    18674   
4330    16916   
4331    108448  
4332    151521  
4333    64739   
4334    183546  
4335    131848  
4336    73168   
4337    45421   
4338    38965   
4339    250216  
4340    7569    
4341    235702  
4342    212846  
4343    1387    
4344    174086  
4345    142478  
4346    84441   
4347    254654  
4348    227125  
4349    223758  
4350    247139  
4351    164678  
4352    92340   
4353    72255   
4354    98009   
4355    149138  
4356    26322   
4357    239301  
4358    261338  
4359    226510  
4360    257975  
4361    16110   
4362    72814   
4363    147352  
4364    80850   
4365    256361  
4366    17057   
4367    154018  
4368    39638   
4369    56022   
4370    142090  
4371    47207   
4372    29580   
4373    92793   
4374    48594   
4375    203666  
4376    235271  
4377    133035  
4378    196176  
4379    200252  
4380    94649   
4381    181171  
4382    102786  
4383    186989  
4384    253426  
4385    200795  
4386    73983   
4387    17605   
4388    177952  
4389    73177   
4390    244115  
4391    173784  
4392    89288   
4393    54786   
4394    58992   
4395    170138  
4396    49003   
4397    76049   
4398    62012   
4399    88641   
4400    132071  
4401    204103  
4402    135848  
4403    161651  
4404    34752   
4405    184442  
4406    103173  
4407    7879    
4408    55333   
4409    37206   
4410    208132  
4411    149982  
4412    218377  
4413    48774   
4414    74827   
4415    209660  
4416    249570  
4417    148810  
4418    227265  
4419    165378  
4420    221987  
4421    209236  
4422    77018   
4423    49131   
4424    1878    
4425    136011  
4426    219269  
4427    50881   
4428    212060  
4429    19138   
4430    139522  
4431    81988   
4432    223241  
4433    13226   
4434    243639  
4435    257993  
4436    197668  
4437    84669   
4438    3728    
4439    253001  
4440    121875  
4441    211860  
4442    140839  
4443    78108   
4444    260635  
4445    215666  
4446    25624   
4447    248061  
4448    102332  
4449    252889  
4450    151295  
4451    62176   
4452    199982  
4453    228314  
4454    111307  
4455    201860  
4456    102181  
4457    68433   
4458    252742  
4459    52097   
4460    87571   
4461    130120  
4462    134085  
4463    48668   
4464    143347  
4465    115581  
4466    44517   
4467    78871   
4468    200250  
4469    48245   
4470    69729   
4471    59981   
4472    260106  
4473    210568  
4474    138089  
4475    258597  
4476    164091  
4477    163714  
4478    244514  
4479    4279    
4480    154459  
4481    133665  
4482    66455   
4483    92297   
4484    99835   
4485    177763  
4486    32014   
4487    202016  
4488    246196  
4489    22612   
4490    254114  
4491    71623   
4492    152732  
4493    126055  
4494    120291  
4495    33935   
4496    241636  
4497    164808  
4498    112807  
4499    179742  
4500    213053  
4501    182536  
4502    239723  
4503    211015  
4504    130960  
4505    115669  
4506    207468  
4507    32907   
4508    17239   
4509    189838  
4510    37187   
4511    171698  
4512    61360   
4513    103642  
4514    1852    
4515    161195  
4516    19261   
4517    33866   
4518    101068  
4519    3313    
4520    56478   
4521    93038   
4522    74936   
4523    209210  
4524    219093  
4525    195227  
4526    243146  
4527    198586  
4528    97891   
4529    93809   
4530    116184  
4531    48801   
4532    14201   
4533    93764   
4534    259816  
4535    145161  
4536    209433  
4537    205141  
4538    178069  
4539    226672  
4540    132835  
4541    215256  
4542    136226  
4543    194195  
4544    56754   
4545    138078  
4546    93247   
4547    76016   
4548    171944  
4549    194315  
4550    79329   
4551    228422  
4552    25209   
4553    154266  
4554    175489  
4555    244302  
4556    87349   
4557    156491  
4558    180744  
4559    185241  
4560    250300  
4561    34785   
4562    234042  
4563    2357    
4564    128549  
4565    231714  
4566    147518  
4567    75838   
4568    174711  
4569    63443   
4570    40366   
4571    45403   
4572    16555   
4573    176592  
4574    239598  
4575    73310   
4576    52527   
4577    70701   
4578    149326  
4579    224471  
4580    2872    
4581    228655  
4582    190750  
4583    28081   
4584    120777  
4585    104095  
4586    10240   
4587    208127  
4588    260586  
4589    190984  
4590    131224  
4591    248742  
4592    225769  
4593    103122  
4594    251099  
4595    92174   
4596    72692   
4597    136473  
4598    168012  
4599    247404  
4600    199917  
4601    208378  
4602    30663   
4603    216472  
4604    122827  
4605    8117    
4606    27638   
4607    175354  
4608    78819   
4609    176964  
4610    137681  
4611    81691   
4612    143476  
4613    66287   
4614    109773  
4615    2109    
4616    170382  
4617    120013  
4618    210236  
4619    168824  
4620    48853   
4621    79316   
4622    155422  
4623    12479   
4624    182438  
4625    144377  
4626    104653  
4627    255131  
4628    18707   
4629    10522   
4630    240391  
4631    218624  
4632    218900  
4633    8910    
4634    172952  
4635    79583   
4636    17027   
4637    200591  
4638    254937  
4639    95846   
4640    115411  
4641    130475  
4642    177538  
4643    258887  
4644    196762  
4645    25167   
4646    260997  
4647    105001  
4648    145180  
4649    209089  
4650    11681   
4651    194033  
4652    26262   
4653    167104  
4654    206512  
4655    208700  
4656    49337   
4657    49022   
4658    201687  
4659    68044   
4660    59544   
4661    179934  
4662    24524   
4663    16300   
4664    188844  
4665    197477  
4666    95884   
4667    205872  
4668    135924  
4669    88677   
4670    39574   
4671    251335  
4672    219152  
4673    217112  
4674    248079  
4675    153771  
4676    242279  
4677    246932  
4678    258772  
4679    125315  
4680    193877  
4681    8309    
4682    57205   
4683    220139  
4684    175413  
4685    1573    
4686    166696  
4687    224751  
4688    50595   
4689    106239  
4690    30651   
4691    110139  
4692    24030   
4693    55176   
4694    126440  
4695    212874  
4696    252653  
4697    222324  
4698    156602  
4699    126433  
4700    48857   
4701    196177  
4702    115624  
4703    5866    
4704    151145  
4705    101559  
4706    159637  
4707    131281  
4708    86347   
4709    156265  
4710    256596  
4711    18081   
4712    164574  
4713    51657   
4714    238220  
4715    77844   
4716    53231   
4717    142772  
4718    40451   
4719    103826  
4720    249012  
4721    71102   
4722    213966  
4723    10898   
4724    126278  
4725    78262   
4726    223772  
4727    116787  
4728    38442   
4729    118231  
4730    243220  
4731    87299   
4732    52264   
4733    96701   
4734    93165   
4735    203409  
4736    198260  
4737    252802  
4738    72546   
4739    22464   
4740    146923  
4741    66999   
4742    40545   
4743    49354   
4744    118656  
4745    16621   
4746    127198  
4747    171887  
4748    159394  
4749    167649  
4750    13570   
4751    146262  
4752    238751  
4753    227536  
4754    157160  
4755    102886  
4756    43654   
4757    118788  
4758    219673  
4759    82096   
4760    237019  
4761    200750  
4762    169395  
4763    27139   
4764    35307   
4765    417     
4766    230549  
4767    233567  
4768    253219  
4769    40951   
4770    256031  
4771    137999  
4772    107950  
4773    34432   
4774    187353  
4775    226607  
4776    51054   
4777    52407   
4778    136350  
4779    210448  
4780    220056  
4781    149920  
4782    94566   
4783    196663  
4784    115312  
4785    251726  
4786    37405   
4787    158966  
4788    108370  
4789    257079  
4790    241062  
4791    83246   
4792    195685  
4793    148314  
4794    110385  
4795    230992  
4796    148731  
4797    78790   
4798    202415  
4799    139806  
4800    119742  
4801    196303  
4802    15661   
4803    227692  
4804    230735  
4805    203014  
4806    192155  
4807    19645   
4808    255421  
4809    66362   
4810    230093  
4811    213333  
4812    216282  
4813    62515   
4814    147853  
4815    69451   
4816    52097   
4817    185258  
4818    228417  
4819    160468  
4820    180193  
4821    207336  
4822    243714  
4823    113734  
4824    93506   
4825    91955   
4826    82582   
4827    242237  
4828    170746  
4829    22854   
4830    119899  
4831    28344   
4832    219157  
4833    135561  
4834    256036  
4835    187748  
4836    76431   
4837    186048  
4838    207394  
4839    69709   
4840    252410  
4841    175343  
4842    20898   
4843    206548  
4844    237859  
4845    168751  
4846    13855   
4847    27812   
4848    91866   
4849    242273  
4850    188280  
4851    9915    
4852    187465  
4853    169850  
4854    123650  
4855    18827   
4856    261806  
4857    206232  
4858    261064  
4859    170408  
4860    229086  
4861    118819  
4862    198752  
4863    186099  
4864    254380  
4865    192644  
4866    111704  
4867    68668   
4868    116548  
4869    56954   
4870    138377  
4871    106814  
4872    232297  
4873    159275  
4874    51219   
4875    208012  
4876    65883   
4877    65074   
4878    235825  
4879    157749  
4880    45203   
4881    161961  
4882    167664  
4883    232668  
4884    69668   
4885    29170   
4886    251495  
4887    69330   
4888    235403  
4889    250415  
4890    239738  
4891    202345  
4892    107091  
4893    176346  
4894    126301  
4895    99327   
4896    106846  
4897    238005  
4898    167995  
4899    223395  
4900    32815   
4901    44228   
4902    68065   
4903    2968    
4904    203504  
4905    119284  
4906    210981  
4907    7243    
4908    184359  
4909    184662  
4910    164992  
4911    229562  
4912    84479   
4913    70512   
4914    200087  
4915    154147  
4916    99683   
4917    189438  
4918    223477  
4919    72942   
4920    177710  
4921    201071  
4922    13143   
4923    22657   
4924    115273  
4925    139444  
4926    121984  
4927    222120  
4928    115305  
4929    27836   
4930    183371  
4931    148120  
4932    72064   
4933    251436  
4934    151089  
4935    13424   
4936    108577  
4937    99926   
4938    20667   
4939    30792   
4940    22444   
4941    185659  
4942    260354  
4943    106923  
4944    256172  
4945    198297  
4946    261071  
4947    93711   
4948    125592  
4949    222404  
4950    166653  
4951    41158   
4952    161332  
4953    179796  
4954    63815   
4955    14461   
4956    57097   
4957    185799  
4958    236581  
4959    172402  
4960    213635  
4961    157808  
4962    58379   
4963    23556   
4964    147101  
4965    209468  
4966    36980   
4967    255678  
4968    47250   
4969    57648   
4970    24326   
4971    69694   
4972    243307  
4973    22536   
4974    176617  
4975    237335  
4976    220834  
4977    175544  
4978    68902   
4979    84282   
4980    135805  
4981    235555  
4982    125440  
4983    34993   
4984    153208  
4985    189255  
4986    49454   
4987    210305  
4988    112910  
4989    23892   
4990    120563  
4991    64402   
4992    181700  
4993    178942  
4994    87958   
4995    66657   
4996    126266  
4997    124938  
4998    60191   
4999    173516  
5000    182586  
